<?xml version="1.0" encoding="UTF-8"?>
<testng-results skipped="0" failed="0" ignored="0" total="1" passed="1">
  <reporter-output>
    <line>
      <![CDATA[PASS:SignIn Successful]]>
    </line>
  </reporter-output>
  <suite name="Suite" duration-ms="61128" started-at="2017-09-22T10:32:39Z" finished-at="2017-09-22T10:33:40Z">
    <groups>
    </groups>
    <test name="Test" duration-ms="61128" started-at="2017-09-22T10:32:39Z" finished-at="2017-09-22T10:33:40Z">
      <class name="script.VerifySignIn">
        <test-method status="PASS" signature="openApp()[pri:0, instance:script.VerifySignIn@d2cc05a]" name="openApp" is-config="true" duration-ms="30283" started-at="2017-09-22T16:02:39Z" finished-at="2017-09-22T16:03:09Z">
          <reporter-output>
          </reporter-output>
        </test-method> <!-- openApp -->
        <test-method status="PASS" signature="testVerifySignIn()[pri:4, instance:script.VerifySignIn@d2cc05a]" name="testVerifySignIn" duration-ms="30714" started-at="2017-09-22T16:03:09Z" finished-at="2017-09-22T16:03:40Z">
          <reporter-output>
            <line>
              <![CDATA[PASS:SignIn Successful]]>
            </line>
          </reporter-output>
        </test-method> <!-- testVerifySignIn -->
        <test-method status="PASS" signature="closeApp()[pri:0, instance:script.VerifySignIn@d2cc05a]" name="closeApp" is-config="true" duration-ms="90" started-at="2017-09-22T16:03:40Z" finished-at="2017-09-22T16:03:40Z">
          <reporter-output>
          </reporter-output>
        </test-method> <!-- closeApp -->
      </class> <!-- script.VerifySignIn -->
    </test> <!-- Test -->
  </suite> <!-- Suite -->
</testng-results>
